Determining if the pthread_create exist failed with the following output:
Change Dir: /home/shaguar/project/course/Hotel/build/CMakeFiles/CMakeTmp

Run Build Command:"/usr/bin/make" "cmTC_15f02/fast"
make: Warning: File 'Makefile' has modification time 0,066 s in the future
/usr/bin/make -f CMakeFiles/cmTC_15f02.dir/build.make CMakeFiles/cmTC_15f02.dir/build
make[1]: Entering directory '/home/shaguar/project/course/Hotel/build/CMakeFiles/CMakeTmp'
make[1]: Warning: File 'CMakeFiles/cmTC_15f02.dir/flags.make' has modification time 0,063 s in the future
Building C object CMakeFiles/cmTC_15f02.dir/CheckSymbolExists.c.o
/usr/bin/cc    -o CMakeFiles/cmTC_15f02.dir/CheckSymbolExists.c.o   -c /home/shaguar/project/course/Hotel/build/CMakeFiles/CMakeTmp/CheckSymbolExists.c
Linking C executable cmTC_15f02
/usr/bin/cmake -E cmake_link_script CMakeFiles/cmTC_15f02.dir/link.txt --verbose=1
/usr/bin/cc      -rdynamic CMakeFiles/cmTC_15f02.dir/CheckSymbolExists.c.o  -o cmTC_15f02 
CMakeFiles/cmTC_15f02.dir/CheckSymbolExists.c.o: In function `main':
CheckSymbolExists.c:(.text+0x1b): undefined reference to `pthread_create'
collect2: error: ld returned 1 exit status
CMakeFiles/cmTC_15f02.dir/build.make:97: recipe for target 'cmTC_15f02' failed
make[1]: *** [cmTC_15f02] Error 1
make[1]: Leaving directory '/home/shaguar/project/course/Hotel/build/CMakeFiles/CMakeTmp'
Makefile:126: recipe for target 'cmTC_15f02/fast' failed
make: *** [cmTC_15f02/fast] Error 2

File /home/shaguar/project/course/Hotel/build/CMakeFiles/CMakeTmp/CheckSymbolExists.c:
/* */
#include <pthread.h>

int main(int argc, char** argv)
{
  (void)argv;
#ifndef pthread_create
  return ((int*)(&pthread_create))[argc];
#else
  (void)argc;
  return 0;
#endif
}

Determining if the function pthread_create exists in the pthreads failed with the following output:
Change Dir: /home/shaguar/project/course/Hotel/build/CMakeFiles/CMakeTmp

Run Build Command:"/usr/bin/make" "cmTC_957dd/fast"
make: Warning: File 'Makefile' has modification time 0,064 s in the future
/usr/bin/make -f CMakeFiles/cmTC_957dd.dir/build.make CMakeFiles/cmTC_957dd.dir/build
make[1]: Entering directory '/home/shaguar/project/course/Hotel/build/CMakeFiles/CMakeTmp'
make[1]: Warning: File 'CMakeFiles/cmTC_957dd.dir/flags.make' has modification time 0,059 s in the future
Building C object CMakeFiles/cmTC_957dd.dir/CheckFunctionExists.c.o
/usr/bin/cc   -DCHECK_FUNCTION_EXISTS=pthread_create   -o CMakeFiles/cmTC_957dd.dir/CheckFunctionExists.c.o   -c /usr/share/cmake-3.10/Modules/CheckFunctionExists.c
Linking C executable cmTC_957dd
/usr/bin/cmake -E cmake_link_script CMakeFiles/cmTC_957dd.dir/link.txt --verbose=1
/usr/bin/cc  -DCHECK_FUNCTION_EXISTS=pthread_create    -rdynamic CMakeFiles/cmTC_957dd.dir/CheckFunctionExists.c.o  -o cmTC_957dd -lpthreads 
/usr/bin/ld: cannot find -lpthreads
collect2: error: ld returned 1 exit status
CMakeFiles/cmTC_957dd.dir/build.make:97: recipe for target 'cmTC_957dd' failed
make[1]: *** [cmTC_957dd] Error 1
make[1]: Leaving directory '/home/shaguar/project/course/Hotel/build/CMakeFiles/CMakeTmp'
Makefile:126: recipe for target 'cmTC_957dd/fast' failed
make: *** [cmTC_957dd/fast] Error 2


